[2018-02-28 21:17:44.204] [jointLog] [info] parsing read library format
[2018-02-28 21:17:44.204] [jointLog] [info] There is 1 library.
[2018-03-01 21:52:49.357] [jointLog] [info] parsing read library format
[2018-03-01 21:52:49.357] [jointLog] [info] There is 1 library.
[2018-03-01 21:52:49.394] [jointLog] [info] Loading Quasi index
[2018-03-01 21:52:49.394] [jointLog] [info] Loading 32-bit quasi index
[2018-03-01 21:52:49.568] [jointLog] [info] done
[2018-03-01 21:52:49.568] [jointLog] [info] Index contained 31677 targets
[2018-03-01 21:52:49.689] [jointLog] [info] Computed 584 rich equivalence classes for further processing
[2018-03-01 21:52:49.689] [jointLog] [info] Counted 671 total reads in the equivalence classes 
[2018-03-01 21:52:49.692] [jointLog] [warning] Only 671 fragments were mapped, but the number of burn-in fragments was set to 5000000.
The effective lengths have been computed using the observed mappings.

[2018-03-01 21:52:49.692] [jointLog] [info] Mapping rate = 35.4464%

[2018-03-01 21:52:49.692] [jointLog] [info] finished quantifyLibrary()
[2018-03-01 21:52:49.692] [jointLog] [info] Starting optimizer
[2018-03-01 21:52:49.702] [jointLog] [info] Marked 0 weighted equivalence classes as degenerate
[2018-03-01 21:52:49.702] [jointLog] [info] iteration = 0 | max rel diff. = 0.978973
[2018-03-01 21:52:49.715] [jointLog] [info] iteration = 100 | max rel diff. = 0.0549002
[2018-03-01 21:52:49.727] [jointLog] [info] iteration = 200 | max rel diff. = 0.0275801
[2018-03-01 21:52:49.739] [jointLog] [info] iteration = 300 | max rel diff. = 0.0151445
[2018-03-01 21:52:49.689] [fileLog] [info] 
At end of round 0
==================
Observed 1893 total fragments (1893 in most recent round)

[2018-03-01 21:52:49.750] [jointLog] [info] iteration = 400 | max rel diff. = 0.012381
[2018-03-01 21:52:49.753] [jointLog] [info] iteration = 428 | max rel diff. = 0.009455
[2018-03-01 21:52:49.754] [jointLog] [info] Finished optimizer
[2018-03-01 21:52:49.754] [jointLog] [info] writing output 

[2018-03-01 21:52:49.792] [jointLog] [warning] NOTE: Read Lib [./reads/21_L001-ds.54f2aac019b0408b856bdef653191b51/16967_S11_L001_R1_001.fastq.gz, ./reads/21_L002-ds.3ed666c176394f05a48d143fdc20ae74/16967_S11_L002_R1_001.fastq.gz, ./reads/21_L003-ds.8c5d5edb8219402b83cd7eef7808b230/16967_S11_L003_R1_001.fastq.gz, ./reads/21_L004-ds.2caf55cbf39e4ea0921b58d3d6f4550a/16967_S11_L004_R1_001.fastq.gz] :

Detected a *potential* strand bias > 1% in an unstranded protocol check the file: quants/21_quant/lib_format_counts.json for details

