[2018-02-28 21:17:42.679] [jointLog] [info] parsing read library format
[2018-02-28 21:17:42.679] [jointLog] [info] There is 1 library.
[2018-03-01 21:41:59.816] [jointLog] [info] parsing read library format
[2018-03-01 21:41:59.816] [jointLog] [info] There is 1 library.
[2018-03-01 21:41:59.857] [jointLog] [info] Loading Quasi index
[2018-03-01 21:41:59.857] [jointLog] [info] Loading 32-bit quasi index
[2018-03-01 21:42:00.029] [jointLog] [info] done
[2018-03-01 21:42:00.029] [jointLog] [info] Index contained 31677 targets
[2018-03-01 21:42:00.150] [jointLog] [info] Computed 341 rich equivalence classes for further processing
[2018-03-01 21:42:00.150] [jointLog] [info] Counted 373 total reads in the equivalence classes 
[2018-03-01 21:42:00.155] [jointLog] [warning] Only 373 fragments were mapped, but the number of burn-in fragments was set to 5000000.
The effective lengths have been computed using the observed mappings.

[2018-03-01 21:42:00.155] [jointLog] [info] Mapping rate = 36.6045%

[2018-03-01 21:42:00.155] [jointLog] [info] finished quantifyLibrary()
[2018-03-01 21:42:00.155] [jointLog] [info] Starting optimizer
[2018-03-01 21:42:00.165] [jointLog] [info] Marked 0 weighted equivalence classes as degenerate
[2018-03-01 21:42:00.165] [jointLog] [info] iteration = 0 | max rel diff. = 0.965436
[2018-03-01 21:42:00.174] [jointLog] [info] iteration = 100 | max rel diff. = 0.0573501
[2018-03-01 21:42:00.183] [jointLog] [info] iteration = 200 | max rel diff. = 0.0268755
[2018-03-01 21:42:00.192] [jointLog] [info] iteration = 300 | max rel diff. = 0.0180425
[2018-03-01 21:42:00.151] [fileLog] [info] 
At end of round 0
==================
Observed 1019 total fragments (1019 in most recent round)

[2018-03-01 21:42:00.201] [jointLog] [info] iteration = 400 | max rel diff. = 0.0101632
[2018-03-01 21:42:00.209] [jointLog] [info] iteration = 488 | max rel diff. = 0.00851369
[2018-03-01 21:42:00.209] [jointLog] [info] Finished optimizer
[2018-03-01 21:42:00.209] [jointLog] [info] writing output 

[2018-03-01 21:42:00.246] [jointLog] [warning] NOTE: Read Lib [./reads/11_L001-ds.f9d2a95b9a0641d7822e7584514329e6/664_S22_L001_R1_001.fastq.gz, ./reads/11_L002-ds.06ed0f2f4ad2484190086ee6dceace04/664_S22_L002_R1_001.fastq.gz, ./reads/11_L003-ds.7324a39e238c48918b0ba5ec1a97f237/664_S22_L003_R1_001.fastq.gz, ./reads/11_L004-ds.bd8a75701be947339806c4a0f8b806ac/664_S22_L004_R1_001.fastq.gz] :

Detected a *potential* strand bias > 1% in an unstranded protocol check the file: quants/11_quant/lib_format_counts.json for details

